lowPriorityWarning.js:38 Warning: Accessing PropTypes via the main React package is deprecated, and will be removed in  React v16.0. Use the latest available v15.* prop-types package from npm instead. For info on usage, compatibility, migration and more, see https://fb.me/prop-types-docs
printWarning @ lowPriorityWarning.js:38
lowPriorityWarning.js:38 Warning: Accessing createClass via the main React package is deprecated, and will be removed in React v16.0. Use a plain JavaScript class instead. If you're not yet ready to migrate, create-react-class v15.* is available on npm as a temporary, drop-in replacement. For more info see https://fb.me/react-create-class
printWarning @ lowPriorityWarning.js:38
moment.js:1863 Locale fa not found. Did you forget to load it?
getSetGlobalLocale @ moment.js:1863
client.js:87 [HMR] connected
reconnecting-websocket.js:213 WebSocket connection to 'wss://bitshares.apasia.tech/ws' failed: Error in connection establishment: net::ERR_NAME_NOT_RESOLVED
ReconnectingWebSocket.open @ reconnecting-websocket.js:213
ChainWebSocket.js:185  #### {"method":"call","params":[1,"login",["",""]],"id":1}
ChainWebSocket.js:185  #### {"method":"call","params":[1,"login",["",""]],"id":1}
ChainWebSocket.js:185  #### {"method":"call","params":[1,"login",["",""]],"id":1}
ChainWebSocket.js:185  #### {"method":"call","params":[1,"login",["",""]],"id":1}
ChainWebSocket.js:185  #### {"method":"call","params":[1,"login",["",""]],"id":1}
WebSocket connection to '<URL>' failed: WebSocket is closed before the connection is established.
WebSocket connection to '<URL>' failed: WebSocket is closed before the connection is established.
WebSocket connection to '<URL>' failed: WebSocket is closed before the connection is established.
WebSocket connection to '<URL>' failed: WebSocket is closed before the connection is established.
WebSocket connection to '<URL>' failed: WebSocket is closed before the connection is established.
WebSocket connection to '<URL>' failed: WebSocket is closed before the connection is established.
WebSocket connection to '<URL>' failed: WebSocket is closed before the connection is established.
WebSocket connection to '<URL>' failed: WebSocket is closed before the connection is established.
WebSocket connection to '<URL>' failed: WebSocket is closed before the connection is established.
WebSocket connection to '<URL>' failed: WebSocket is closed before the connection is established.
WebSocket connection to '<URL>' failed: WebSocket is closed before the connection is established.
WebSocket connection to '<URL>' failed: WebSocket is closed before the connection is established.
WebSocket connection to '<URL>' failed: WebSocket is closed before the connection is established.
WebSocket connection to '<URL>' failed: WebSocket is closed before the connection is established.
WebSocket connection to '<URL>' failed: WebSocket is closed before the connection is established.
WebSocket connection to '<URL>' failed: WebSocket is closed before the connection is established.
WebSocket connection to '<URL>' failed: WebSocket is closed before the connection is established.
:8080/:1 WebSocket connection to 'ws://127.0.0.1:8090/' failed: WebSocket is closed before the connection is established.
ConnectionManager.js:35 Skipping to next full node API server. Error: "Unable to connect to node: wss://dex.rnglab.org, error:undefined"
logFailure @ ConnectionManager.js:35
ChainWebSocket.js:185  #### {"method":"call","params":[1,"login",["",""]],"id":1}
ApiInstances.js:136 Connected to API node: wss://dex.rnglab.org
ChainWebSocket.js:185  #### {"method":"call","params":[1,"database",[]],"id":2}
ChainWebSocket.js:185  #### {"method":"call","params":[1,"network_broadcast",[]],"id":3}
ChainWebSocket.js:185  #### {"method":"call","params":[1,"history",[]],"id":4}
ChainWebSocket.js:185  #### {"method":"call","params":[2,"get_chain_id",[]],"id":5}
ChainWebSocket.js:185  #### {"method":"call","params":[2,"get_objects",[["2.1.0"]]],"id":6}
ChainWebSocket.js:185  #### {"method":"call","params":[2,"set_subscribe_callback",[7,false]],"id":7}
ChainStore.js:166 synced and subscribed, chainstore ready
ChainWebSocket.js:185  #### {"method":"call","params":[2,"get_objects",[["2.1.0"]]],"id":8}
ChainWebSocket.js:185  #### {"method":"call","params":[2,"get_objects",[["2.1.0"]]],"id":9}
ChainWebSocket.js:185  #### {"method":"call","params":[2,"get_objects",[["2.1.0"]]],"id":10}
ChainWebSocket.js:185  #### {"method":"call","params":[2,"get_objects",[["2.1.0"]]],"id":11}
ChainWebSocket.js:185  #### {"method":"call","params":[2,"get_full_accounts",[["internet-of-coins"],true]],"id":12}
ChainWebSocket.js:185  #### {"method":"call","params":[2,"get_key_references",[["BTS6SpsMwAYnMtTkhRVCbdWAUzF5tR4ePnvVsV2wPwfdyoPUQCpyU"]]],"id":13}
ChainWebSocket.js:185  #### {"method":"call","params":[2,"get_key_references",[["BTS76ZBTaEstNsYrtV3D8ZqsP4MwBnvnLKVXUfJM8kTtpMHu9FSbd"]]],"id":14}
ChainWebSocket.js:185  #### {"method":"call","params":[2,"get_objects",[["2.5.50512","2.5.149274","2.5.1414448","2.5.233636"]]],"id":15}
ChainWebSocket.js:185  #### {"method":"call","params":[4,"get_account_history",["1.2.155481","1.11.0",100,"1.11.0"]],"id":16}
ChainWebSocket.js:185  #### {"method":"call","params":[2,"get_account_references",["1.2.155481"]],"id":17}
ChainWebSocket.js:185  #### {"method":"call","params":[2,"get_objects",[["1.3.0"]]],"id":18}
ChainWebSocket.js:185  #### {"method":"call","params":[2,"get_objects",[["1.3.1275"]]],"id":19}
ChainWebSocket.js:185  #### {"method":"call","params":[2,"get_objects",[["1.3.1578"]]],"id":20}
ChainWebSocket.js:185  #### {"method":"call","params":[2,"get_objects",[["1.3.2482"]]],"id":21}
ChainWebSocket.js:185  #### {"method":"call","params":[2,"lookup_asset_symbols",[["BTS"]]],"id":22}
ChainWebSocket.js:185  #### {"method":"call","params":[2,"lookup_asset_symbols",[["BTS"]]],"id":23}
ChainWebSocket.js:185  #### {"method":"call","params":[2,"get_full_accounts",[["1.2.3"],false]],"id":24}
BrowserNotifications.jsx:58 browser notifications disabled by Browser Permissions
ChainWebSocket.js:185  #### {"method":"call","params":[4,"get_account_history",["1.2.3","1.11.0",100,"1.11.0"]],"id":25}
ChainWebSocket.js:185  #### {"method":"call","params":[2,"get_ticker",["1.3.0","1.3.1275"]],"id":26}
ChainWebSocket.js:185  #### {"method":"call","params":[2,"get_ticker",["1.3.0","1.3.1578"]],"id":27}
ChainWebSocket.js:185  #### {"method":"call","params":[2,"get_ticker",["1.3.0","1.3.2482"]],"id":28}
ChainWebSocket.js:185  #### {"method":"call","params":[2,"lookup_asset_symbols",[["USD"]]],"id":29}
ChainWebSocket.js:185  #### {"method":"call","params":[2,"lookup_asset_symbols",[["USD"]]],"id":30}
ChainWebSocket.js:185  #### {"method":"call","params":[2,"lookup_asset_symbols",[["OPEN.BTC"]]],"id":31}
ChainWebSocket.js:185  #### {"method":"call","params":[2,"lookup_asset_symbols",[["USD"]]],"id":32}
ChainWebSocket.js:185  #### {"method":"call","params":[2,"lookup_asset_symbols",[["OPEN.USDT"]]],"id":33}
ChainWebSocket.js:185  #### {"method":"call","params":[2,"lookup_asset_symbols",[["USD"]]],"id":34}
ChainWebSocket.js:185  #### {"method":"call","params":[2,"lookup_asset_symbols",[["OPEN.ETH"]]],"id":35}
ChainWebSocket.js:185  #### {"method":"call","params":[2,"lookup_asset_symbols",[["USD"]]],"id":36}
ChainWebSocket.js:185  #### {"method":"call","params":[2,"lookup_asset_symbols",[["OPEN.DASH"]]],"id":37}
ChainWebSocket.js:185  #### {"method":"call","params":[2,"lookup_asset_symbols",[["USD"]]],"id":38}
ChainWebSocket.js:185  #### {"method":"call","params":[2,"lookup_asset_symbols",[["GOLD"]]],"id":39}
ChainWebSocket.js:185  #### {"method":"call","params":[2,"lookup_asset_symbols",[["USD"]]],"id":40}
ChainWebSocket.js:185  #### {"method":"call","params":[2,"lookup_asset_symbols",[["HERO"]]],"id":41}
ChainWebSocket.js:185  #### {"method":"call","params":[2,"lookup_asset_symbols",[["USD"]]],"id":42}
ChainWebSocket.js:185  #### {"method":"call","params":[2,"lookup_asset_symbols",[["GDEX.BTC"]]],"id":43}
ChainWebSocket.js:185  #### {"method":"call","params":[2,"lookup_asset_symbols",[["USD"]]],"id":44}
ChainWebSocket.js:185  #### {"method":"call","params":[2,"lookup_asset_symbols",[["GDEX.ETH"]]],"id":45}
ChainWebSocket.js:185  #### {"method":"call","params":[2,"lookup_asset_symbols",[["USD"]]],"id":46}
ChainWebSocket.js:185  #### {"method":"call","params":[2,"lookup_asset_symbols",[["GDEX.EOS"]]],"id":47}
ChainWebSocket.js:185  #### {"method":"call","params":[2,"lookup_asset_symbols",[["USD"]]],"id":48}
ChainWebSocket.js:185  #### {"method":"call","params":[2,"lookup_asset_symbols",[["GDEX.BTO"]]],"id":49}
ChainWebSocket.js:185  #### {"method":"call","params":[2,"lookup_asset_symbols",[["CNY"]]],"id":50}
ChainWebSocket.js:185  #### {"method":"call","params":[2,"lookup_asset_symbols",[["CNY"]]],"id":51}
ChainWebSocket.js:185  #### {"method":"call","params":[2,"lookup_asset_symbols",[["OPEN.BTC"]]],"id":52}
ChainWebSocket.js:185  #### {"method":"call","params":[2,"lookup_asset_symbols",[["CNY"]]],"id":53}
ChainWebSocket.js:185  #### {"method":"call","params":[2,"lookup_asset_symbols",[["USD"]]],"id":54}
ChainWebSocket.js:185  #### {"method":"call","params":[2,"lookup_asset_symbols",[["CNY"]]],"id":55}
ChainWebSocket.js:185  #### {"method":"call","params":[2,"lookup_asset_symbols",[["OPEN.ETH"]]],"id":56}
ChainWebSocket.js:185  #### {"method":"call","params":[2,"lookup_asset_symbols",[["CNY"]]],"id":57}
ChainWebSocket.js:185  #### {"method":"call","params":[2,"lookup_asset_symbols",[["YOYOW"]]],"id":58}
ChainWebSocket.js:185  #### {"method":"call","params":[2,"lookup_asset_symbols",[["CNY"]]],"id":59}
ChainWebSocket.js:185  #### {"method":"call","params":[2,"lookup_asset_symbols",[["OCT"]]],"id":60}
ChainWebSocket.js:185  #### {"method":"call","params":[2,"lookup_asset_symbols",[["CNY"]]],"id":61}
ChainWebSocket.js:185  #### {"method":"call","params":[2,"lookup_asset_symbols",[["GDEX.BTC"]]],"id":62}
ChainWebSocket.js:185  #### {"method":"call","params":[2,"lookup_asset_symbols",[["CNY"]]],"id":63}
ChainWebSocket.js:185  #### {"method":"call","params":[2,"lookup_asset_symbols",[["GDEX.ETH"]]],"id":64}
ChainWebSocket.js:185  #### {"method":"call","params":[2,"lookup_asset_symbols",[["CNY"]]],"id":65}
ChainWebSocket.js:185  #### {"method":"call","params":[2,"lookup_asset_symbols",[["GDEX.EOS"]]],"id":66}
ChainWebSocket.js:185  #### {"method":"call","params":[2,"lookup_asset_symbols",[["CNY"]]],"id":67}
ChainWebSocket.js:185  #### {"method":"call","params":[2,"lookup_asset_symbols",[["GDEX.BTO"]]],"id":68}
ChainWebSocket.js:185  #### {"method":"call","params":[2,"lookup_asset_symbols",[["CNY"]]],"id":69}
ChainWebSocket.js:185  #### {"method":"call","params":[2,"lookup_asset_symbols",[["GDEX.BTM"]]],"id":70}
ChainWebSocket.js:185  #### {"method":"call","params":[2,"lookup_asset_symbols",[["OPEN.BTC"]]],"id":71}
ChainWebSocket.js:185  #### {"method":"call","params":[2,"lookup_asset_symbols",[["OPEN.BTC"]]],"id":72}
ChainWebSocket.js:185  #### {"method":"call","params":[2,"lookup_asset_symbols",[["OPEN.ETH"]]],"id":73}
ChainWebSocket.js:185  #### {"method":"call","params":[2,"lookup_asset_symbols",[["OPEN.BTC"]]],"id":74}
ChainWebSocket.js:185  #### {"method":"call","params":[2,"lookup_asset_symbols",[["OPEN.DASH"]]],"id":75}
ChainWebSocket.js:185  #### {"method":"call","params":[2,"lookup_asset_symbols",[["OPEN.BTC"]]],"id":76}
ChainWebSocket.js:185  #### {"method":"call","params":[2,"lookup_asset_symbols",[["BLOCKPAY"]]],"id":77}
ChainWebSocket.js:185  #### {"method":"call","params":[2,"lookup_asset_symbols",[["OPEN.BTC"]]],"id":78}
ChainWebSocket.js:185  #### {"method":"call","params":[2,"lookup_asset_symbols",[["OPEN.DGD"]]],"id":79}
ChainWebSocket.js:185  #### {"method":"call","params":[2,"lookup_asset_symbols",[["OPEN.BTC"]]],"id":80}
ChainWebSocket.js:185  #### {"method":"call","params":[2,"lookup_asset_symbols",[["OPEN.STEEM"]]],"id":81}
ChainWebSocket.js:185  #### {"method":"call","params":[2,"lookup_asset_symbols",[["OPEN.ETH"]]],"id":82}
ChainWebSocket.js:185  #### {"method":"call","params":[2,"lookup_asset_symbols",[["OPEN.EOS"]]],"id":83}
ChainWebSocket.js:185  #### {"method":"call","params":[2,"lookup_asset_symbols",[["PPY"]]],"id":84}
ChainWebSocket.js:185  #### {"method":"call","params":[2,"lookup_asset_symbols",[["OPEN.STEEM"]]],"id":85}
ChainWebSocket.js:185  #### {"method":"call","params":[2,"lookup_asset_symbols",[["OBITS"]]],"id":86}
ChainWebSocket.js:185  #### {"method":"call","params":[2,"lookup_asset_symbols",[["RUBLE"]]],"id":87}
ChainWebSocket.js:185  #### {"method":"call","params":[2,"lookup_asset_symbols",[["HERO"]]],"id":88}
ChainWebSocket.js:185  #### {"method":"call","params":[2,"lookup_asset_symbols",[["OCT"]]],"id":89}
ChainWebSocket.js:185  #### {"method":"call","params":[2,"lookup_asset_symbols",[["SILVER"]]],"id":90}
ChainWebSocket.js:185  #### {"method":"call","params":[2,"lookup_asset_symbols",[["GOLD"]]],"id":91}
ChainWebSocket.js:185  #### {"method":"call","params":[2,"lookup_asset_symbols",[["BLOCKPAY"]]],"id":92}
ChainWebSocket.js:185  #### {"method":"call","params":[2,"lookup_asset_symbols",[["BTWTY"]]],"id":93}
ChainWebSocket.js:185  #### {"method":"call","params":[2,"lookup_asset_symbols",[["SMOKE"]]],"id":94}
ChainWebSocket.js:185  #### {"method":"call","params":[2,"lookup_asset_symbols",[["GDEX.BTC"]]],"id":95}
ChainWebSocket.js:185  #### {"method":"call","params":[2,"lookup_asset_symbols",[["GDEX.ETH"]]],"id":96}
ChainWebSocket.js:185  #### {"method":"call","params":[2,"lookup_asset_symbols",[["GDEX.EOS"]]],"id":97}
ChainWebSocket.js:185  #### {"method":"call","params":[2,"lookup_asset_symbols",[["GDEX.BTO"]]],"id":98}
ChainWebSocket.js:185  #### {"method":"call","params":[2,"lookup_asset_symbols",[["KAPITAL"]]],"id":99}
ChainWebSocket.js:185  #### {"method":"call","params":[2,"lookup_asset_symbols",[["OPEN.BTC"]]],"id":100}
ChainWebSocket.js:185  #### {"method":"call","params":[2,"lookup_asset_symbols",[["USD"]]],"id":101}
ChainWebSocket.js:185  #### {"method":"call","params":[2,"lookup_asset_symbols",[["OPEN.STEEM"]]],"id":102}
ChainWebSocket.js:185  #### {"method":"call","params":[2,"lookup_asset_symbols",[["USD"]]],"id":103}
ChainWebSocket.js:185  #### {"method":"call","params":[2,"lookup_asset_symbols",[["OPEN.MAID"]]],"id":104}
ChainWebSocket.js:185  #### {"method":"call","params":[2,"lookup_asset_symbols",[["OPEN.USDT"]]],"id":105}
ChainWebSocket.js:185  #### {"method":"call","params":[2,"lookup_asset_symbols",[["OPEN.BTC"]]],"id":106}
ChainWebSocket.js:185  #### {"method":"call","params":[2,"lookup_asset_symbols",[["OPEN.BTC"]]],"id":107}
ChainWebSocket.js:185  #### {"method":"call","params":[2,"lookup_asset_symbols",[["OPEN.MAID"]]],"id":108}
ChainWebSocket.js:185  #### {"method":"call","params":[2,"lookup_asset_symbols",[["OPEN.MAID"]]],"id":109}
ChainWebSocket.js:185  #### {"method":"call","params":[2,"lookup_asset_symbols",[["OPEN.HEAT"]]],"id":110}
ChainWebSocket.js:185  #### {"method":"call","params":[2,"lookup_asset_symbols",[["OPEN.INCENT"]]],"id":111}
ChainWebSocket.js:185  #### {"method":"call","params":[2,"lookup_asset_symbols",[["HEMPSWEET"]]],"id":112}
ChainWebSocket.js:185  #### {"method":"call","params":[2,"lookup_asset_symbols",[["OPEN.BTC"]]],"id":113}
ChainWebSocket.js:185  #### {"method":"call","params":[2,"lookup_asset_symbols",[["KAPITAL"]]],"id":114}
ChainWebSocket.js:185  #### {"method":"call","params":[2,"lookup_asset_symbols",[["RUDEX.STEEM"]]],"id":115}
ChainWebSocket.js:185  #### {"method":"call","params":[2,"lookup_asset_symbols",[["USD"]]],"id":116}
ChainWebSocket.js:185  #### {"method":"call","params":[2,"lookup_asset_symbols",[["RUDEX.STEEM"]]],"id":117}
ChainWebSocket.js:185  #### {"method":"call","params":[2,"lookup_asset_symbols",[["RUDEX.SBD"]]],"id":118}
ChainWebSocket.js:185  #### {"method":"call","params":[2,"lookup_asset_symbols",[["RUDEX.KRM"]]],"id":119}
ChainWebSocket.js:185  #### {"method":"call","params":[2,"lookup_asset_symbols",[["USD"]]],"id":120}
ChainWebSocket.js:185  #### {"method":"call","params":[2,"lookup_asset_symbols",[["RUDEX.KRM"]]],"id":121}
ChainWebSocket.js:185  #### {"method":"call","params":[2,"lookup_asset_symbols",[["RUBLE"]]],"id":122}
ChainWebSocket.js:185  #### {"method":"call","params":[2,"lookup_asset_symbols",[["RUDEX.GOLOS"]]],"id":123}
ChainWebSocket.js:185  #### {"method":"call","params":[2,"lookup_asset_symbols",[["CNY"]]],"id":124}
ChainWebSocket.js:185  #### {"method":"call","params":[2,"lookup_asset_symbols",[["RUDEX.GOLOS"]]],"id":125}
ChainWebSocket.js:185  #### {"method":"call","params":[2,"lookup_asset_symbols",[["RUBLE"]]],"id":126}
ChainWebSocket.js:185  #### {"method":"call","params":[2,"lookup_asset_symbols",[["RUDEX.GBG"]]],"id":127}
ChainWebSocket.js:185  #### {"method":"call","params":[2,"lookup_asset_symbols",[["CNY"]]],"id":128}
ChainWebSocket.js:185  #### {"method":"call","params":[2,"lookup_asset_symbols",[["RUDEX.GBG"]]],"id":129}
ChainWebSocket.js:185  #### {"method":"call","params":[2,"get_objects",[["2.4.21"]]],"id":130}
ChainWebSocket.js:185  #### {"method":"call","params":[2,"get_objects",[["2.4.6"]]],"id":131}
ChainWebSocket.js:185  #### {"method":"call","params":[2,"get_objects",[["2.4.85"]]],"id":132}
ChainWebSocket.js:185  #### {"method":"call","params":[2,"get_objects",[["2.4.13"]]],"id":133}
ChainWebSocket.js:185  #### {"method":"call","params":[2,"get_objects",[["2.4.83"]]],"id":134}
ChainWebSocket.js:185  #### {"method":"call","params":[2,"get_objects",[["2.4.5"]]],"id":135}
ChainWebSocket.js:185  #### {"method":"call","params":[2,"get_objects",[["2.4.55"]]],"id":136}
ChainWebSocket.js:185  #### {"method":"call","params":[2,"get_ticker",["1.3.0","1.3.121"]],"id":137}
ChainWebSocket.js:185  #### {"method":"call","params":[2,"get_ticker",["1.3.121","1.3.861"]],"id":138}
ChainWebSocket.js:185  #### {"method":"call","params":[2,"get_ticker",["1.3.121","1.3.1042"]],"id":139}
ChainWebSocket.js:185  #### {"method":"call","params":[2,"get_ticker",["1.3.121","1.3.850"]],"id":140}
ChainWebSocket.js:185  #### {"method":"call","params":[2,"get_ticker",["1.3.121","1.3.858"]],"id":141}
ChainWebSocket.js:185  #### {"method":"call","params":[2,"get_ticker",["1.3.121","1.3.2241"]],"id":142}
ChainWebSocket.js:185  #### {"method":"call","params":[2,"get_ticker",["1.3.121","1.3.2598"]],"id":143}
ChainWebSocket.js:185  #### {"method":"call","params":[2,"get_ticker",["1.3.121","1.3.2635"]],"id":144}
ChainWebSocket.js:185  #### {"method":"call","params":[2,"get_ticker",["1.3.121","1.3.2674"]],"id":145}
ChainWebSocket.js:185  #### {"method":"call","params":[2,"get_ticker",["1.3.0","1.3.861"]],"id":146}
ChainWebSocket.js:185  #### {"method":"call","params":[2,"get_ticker",["1.3.850","1.3.861"]],"id":147}
ChainWebSocket.js:185  #### {"method":"call","params":[2,"get_ticker",["1.3.858","1.3.861"]],"id":148}
ChainWebSocket.js:185  #### {"method":"call","params":[2,"get_ticker",["1.3.861","1.3.1072"]],"id":149}
ChainWebSocket.js:185  #### {"method":"call","params":[2,"get_ticker",["1.3.861","1.3.979"]],"id":150}
ChainWebSocket.js:185  #### {"method":"call","params":[2,"get_ticker",["1.3.861","1.3.973"]],"id":151}
ChainWebSocket.js:185  #### {"method":"call","params":[2,"get_ticker",["1.3.0","1.3.850"]],"id":152}
ChainWebSocket.js:185  #### {"method":"call","params":[2,"get_ticker",["1.3.0","1.3.1999"]],"id":153}
ChainWebSocket.js:185  #### {"method":"call","params":[2,"get_ticker",["1.3.0","1.3.1439"]],"id":154}
ChainWebSocket.js:185  #### {"method":"call","params":[2,"get_ticker",["1.3.0","1.3.973"]],"id":155}
ChainWebSocket.js:185  #### {"method":"call","params":[2,"get_ticker",["1.3.0","1.3.562"]],"id":156}
ChainWebSocket.js:185  #### {"method":"call","params":[2,"get_ticker",["1.3.0","1.3.1413"]],"id":157}
ChainWebSocket.js:185  #### {"method":"call","params":[2,"get_ticker",["1.3.0","1.3.1072"]],"id":158}
ChainWebSocket.js:185  #### {"method":"call","params":[2,"get_ticker",["1.3.0","1.3.1567"]],"id":159}
ChainWebSocket.js:185  #### {"method":"call","params":[2,"get_ticker",["1.3.0","1.3.2241"]],"id":160}
ChainWebSocket.js:185  #### {"method":"call","params":[2,"get_ticker",["1.3.0","1.3.2598"]],"id":161}
ChainWebSocket.js:185  #### {"method":"call","params":[2,"get_ticker",["1.3.0","1.3.2635"]],"id":162}
ChainWebSocket.js:185  #### {"method":"call","params":[2,"get_ticker",["1.3.0","1.3.2674"]],"id":163}
ChainWebSocket.js:185  #### {"method":"call","params":[2,"get_ticker",["1.3.861","1.3.1181"]],"id":164}
ChainWebSocket.js:185  #### {"method":"call","params":[2,"get_ticker",["1.3.121","1.3.973"]],"id":165}
ChainWebSocket.js:185  #### {"method":"call","params":[2,"get_ticker",["1.3.121","1.3.1044"]],"id":166}
ChainWebSocket.js:185  #### {"method":"call","params":[2,"get_ticker",["1.3.861","1.3.1042"]],"id":167}
ChainWebSocket.js:185  #### {"method":"call","params":[2,"get_ticker",["1.3.861","1.3.1044"]],"id":168}
ChainWebSocket.js:185  #### {"method":"call","params":[2,"get_ticker",["1.3.0","1.3.1044"]],"id":169}
ChainWebSocket.js:185  #### {"method":"call","params":[2,"get_ticker",["1.3.0","1.3.1064"]],"id":170}
ChainWebSocket.js:185  #### {"method":"call","params":[2,"get_ticker",["1.3.861","1.3.1188"]],"id":171}
ChainWebSocket.js:185  #### {"method":"call","params":[2,"get_ticker",["1.3.0","1.3.1181"]],"id":172}
ChainWebSocket.js:185  #### {"method":"call","params":[2,"get_ticker",["1.3.0","1.3.1895"]],"id":173}
ChainWebSocket.js:185  #### {"method":"call","params":[2,"get_ticker",["1.3.121","1.3.1895"]],"id":174}
ChainWebSocket.js:185  #### {"method":"call","params":[2,"get_ticker",["1.3.0","1.3.1896"]],"id":175}
ChainWebSocket.js:185  #### {"method":"call","params":[2,"get_ticker",["1.3.0","1.3.2672"]],"id":176}
ChainWebSocket.js:185  #### {"method":"call","params":[2,"get_ticker",["1.3.121","1.3.2672"]],"id":177}
ChainWebSocket.js:185  #### {"method":"call","params":[2,"get_ticker",["1.3.106","1.3.121"]],"id":178}
ChainWebSocket.js:185  #### {"method":"call","params":[2,"get_ticker",["1.3.121","1.3.1362"]],"id":179}
ChainWebSocket.js:185  #### {"method":"call","params":[2,"get_ticker",["1.3.0","1.3.113"]],"id":180}
ChainWebSocket.js:185  #### {"method":"call","params":[2,"get_ticker",["1.3.113","1.3.861"]],"id":181}
ChainWebSocket.js:185  #### {"method":"call","params":[2,"get_ticker",["1.3.113","1.3.121"]],"id":182}
ChainWebSocket.js:185  #### {"method":"call","params":[2,"get_ticker",["1.3.113","1.3.850"]],"id":183}
ChainWebSocket.js:185  #### {"method":"call","params":[2,"get_ticker",["1.3.113","1.3.1093"]],"id":184}
ChainWebSocket.js:185  #### {"method":"call","params":[2,"get_ticker",["1.3.113","1.3.1413"]],"id":185}
ChainWebSocket.js:185  #### {"method":"call","params":[2,"get_ticker",["1.3.113","1.3.2241"]],"id":186}
ChainWebSocket.js:185  #### {"method":"call","params":[2,"get_ticker",["1.3.113","1.3.2598"]],"id":187}
ChainWebSocket.js:185  #### {"method":"call","params":[2,"get_ticker",["1.3.113","1.3.2635"]],"id":188}
ChainWebSocket.js:185  #### {"method":"call","params":[2,"get_ticker",["1.3.113","1.3.2674"]],"id":189}
ChainWebSocket.js:185  #### {"method":"call","params":[2,"get_ticker",["1.3.113","1.3.2790"]],"id":190}
ChainWebSocket.js:185  #### {"method":"call","params":[2,"get_ticker",["1.3.0","1.3.1325"]],"id":191}
ChainWebSocket.js:185  #### {"method":"call","params":[2,"get_ticker",["1.3.0","1.3.1362"]],"id":192}
ChainWebSocket.js:185  #### {"method":"call","params":[2,"get_ticker",["1.3.0","1.3.105"]],"id":193}
ChainWebSocket.js:185  #### {"method":"call","params":[2,"get_ticker",["1.3.0","1.3.106"]],"id":194}
ChainWebSocket.js:185  #### {"method":"call","params":[2,"get_ticker",["1.3.0","1.3.958"]],"id":195}
ChainWebSocket.js:185  #### {"method":"call","params":[2,"get_ticker",["1.3.1325","1.3.1621"]],"id":196}
ChainWebSocket.js:185  #### {"method":"call","params":[2,"get_ticker",["1.3.113","1.3.1621"]],"id":197}
ChainWebSocket.js:185  #### {"method":"call","params":[2,"get_ticker",["1.3.1325","1.3.1630"]],"id":198}
ChainWebSocket.js:185  #### {"method":"call","params":[2,"get_ticker",["1.3.113","1.3.1630"]],"id":199}
ChainWebSocket.js:185  #### {"method":"call","params":[2,"get_objects",[["2.0.0"]]],"id":200}
ChainWebSocket.js:185  #### {"method":"call","params":[2,"get_full_accounts",[["i"],false]],"id":201}
ChainWebSocket.js:185  #### {"method":"call","params":[4,"get_account_history",["1.2.435","1.11.0",100,"1.11.0"]],"id":202}
ChainWebSocket.js:185  #### {"method":"call","params":[2,"get_full_accounts",[["io"],false]],"id":203}
ChainWebSocket.js:185  #### {"method":"call","params":[2,"get_full_accounts",[["ioc"],false]],"id":204}
ChainWebSocket.js:185  #### {"method":"call","params":[4,"get_account_history",["1.2.1129","1.11.0",100,"1.11.0"]],"id":205}
ChainWebSocket.js:185  #### {"method":"call","params":[4,"get_account_history",["1.2.96069","1.11.0",100,"1.11.0"]],"id":206}
ChainWebSocket.js:185  #### {"method":"call","params":[2,"get_full_accounts",[["ioc-l"],false]],"id":207}
ChainWebSocket.js:185  #### {"method":"call","params":[2,"get_full_accounts",[["ioc-li"],false]],"id":208}
ChainWebSocket.js:185  #### {"method":"call","params":[2,"get_full_accounts",[["ioc-liq"],false]],"id":209}
ChainWebSocket.js:185  #### {"method":"call","params":[2,"get_full_accounts",[["ioc-liqu"],false]],"id":210}
ChainWebSocket.js:185  #### {"method":"call","params":[2,"get_full_accounts",[["ioc-liqui"],false]],"id":211}
ChainWebSocket.js:185  #### {"method":"call","params":[2,"get_full_accounts",[["ioc-liquid"],false]],"id":212}
ChainWebSocket.js:185  #### {"method":"call","params":[2,"get_full_accounts",[["ioc-liquidi"],false]],"id":213}
ChainWebSocket.js:185  #### {"method":"call","params":[2,"get_full_accounts",[["ioc-liquidit"],false]],"id":214}
ChainWebSocket.js:185  #### {"method":"call","params":[2,"get_full_accounts",[["ioc-liquidity"],false]],"id":215}
ChainWebSocket.js:185  #### {"method":"call","params":[4,"get_account_history",["1.2.836916","1.11.0",100,"1.11.0"]],"id":216}
ChainWebSocket.js:185  #### {"method":"call","params":[2,"get_objects",[["2.3.1275"]]],"id":217}
ChainWebSocket.js:185  #### {"method":"call","params":[2,"get_objects",[["2.3.1578"]]],"id":218}
ChainWebSocket.js:185  #### {"method":"call","params":[2,"get_objects",[["2.3.2482"]]],"id":219}
ChainWebSocket.js:185  #### {"method":"call","params":[2,"get_full_accounts",[["1.2.836916"],true]],"id":220}
ChainWebSocket.js:185  #### {"method":"call","params":[2,"get_full_accounts",[["1.2.836916"],true]],"id":221}
ChainWebSocket.js:185  #### {"method":"call","params":[2,"get_objects",[["2.5.1702592"]]],"id":222}
ChainWebSocket.js:185  #### {"method":"call","params":[4,"get_account_history",["1.2.836916","1.11.161330025",100,"1.11.0"]],"id":223}
ChainWebSocket.js:185  #### {"method":"call","params":[2,"get_objects",[["2.5.1702592"]]],"id":224}
ChainWebSocket.js:185  #### {"method":"call","params":[4,"get_account_history",["1.2.836916","1.11.161330025",100,"1.11.0"]],"id":225}
ChainWebSocket.js:185  #### {"method":"call","params":[2,"get_objects",[["2.0.0"]]],"id":226}
ChainWebSocket.js:185  #### {"method":"call","params":[2,"get_objects",[["2.1.0"]]],"id":227}
ChainWebSocket.js:185  #### {"method":"call","params":[2,"get_required_fees",[[[0,{"fee":{"amount":"0","asset_id":"1.3.0"},"from":"1.2.155481","to":"1.2.836916","amount":{"amount":"100000","asset_id":"1.3.0"},"extensions":[]}]],"1.3.0"]],"id":228}
ChainWebSocket.js:185  #### {"method":"call","params":[2,"get_objects",[["2.0.0"]]],"id":229}
ChainWebSocket.js:185  #### {"method":"call","params":[2,"get_objects",[["2.1.0"]]],"id":230}
ChainWebSocket.js:185  #### {"method":"call","params":[2,"get_potential_signatures",[{"ref_block_num":0,"ref_block_prefix":0,"expiration":"1970-01-01T00:00:00","operations":[[0,{"fee":{"amount":"10420","asset_id":"1.3.0"},"from":"1.2.155481","to":"1.2.836916","amount":{"amount":"100000","asset_id":"1.3.0"},"extensions":[]}]],"extensions":[],"signatures":[]}]],"id":231}
ChainWebSocket.js:185  #### {"method":"call","params":[2,"get_potential_address_signatures",[{"ref_block_num":0,"ref_block_prefix":0,"expiration":"1970-01-01T00:00:00","operations":[[0,{"fee":{"amount":"10420","asset_id":"1.3.0"},"from":"1.2.155481","to":"1.2.836916","amount":{"amount":"100000","asset_id":"1.3.0"},"extensions":[]}]],"extensions":[],"signatures":[]}]],"id":232}
ChainWebSocket.js:185  #### {"method":"call","params":[2,"get_required_signatures",[{"ref_block_num":0,"ref_block_prefix":0,"expiration":"1970-01-01T00:00:00","operations":[[0,{"fee":{"amount":"10420","asset_id":"1.3.0"},"from":"1.2.155481","to":"1.2.836916","amount":{"amount":"100000","asset_id":"1.3.0"},"extensions":[]}]],"extensions":[],"signatures":[]},["BTS6SpsMwAYnMtTkhRVCbdWAUzF5tR4ePnvVsV2wPwfdyoPUQCpyU","BTS76ZBTaEstNsYrtV3D8ZqsP4MwBnvnLKVXUfJM8kTtpMHu9FSbd"]]],"id":233}
ChainWebSocket.js:185  #### {"method":"call","params":[2,"get_key_references",[["BTS71e12ZBJ4hdTxNzvv86SB9MAR2q2nDATLR4Z2PrcYThV4SLk4x"]]],"id":234}
ChainWebSocket.js:185  #### {"method":"call","params":[2,"get_key_references",[["BTS7PLnds9Lgwwf4WZL6WKWZekPhXEDRAz4t6VPRUoRcVNJ25BgYR"]]],"id":235}
ChainWebSocket.js:185  #### {"method":"call","params":[2,"get_key_references",[["BTS6wbZsdvJTazWFXc4WKhbRuKGzY4S9EwD4DwW7J2hbbe37x3KZs"]]],"id":236}
ChainWebSocket.js:185  #### {"method":"call","params":[2,"get_key_references",[["BTS87LNPjzYdv8Cm8iFkoxU6PqcvsVJPBea3CDkqQxFZtpWjpEAWV"]]],"id":237}
ChainWebSocket.js:185  #### {"method":"call","params":[2,"get_key_references",[["BTS6Sx3yQ1toN2i5yPJj8wQ3onbD7WXuosiJq72yckbCTp2H1HXM6"]]],"id":238}
ChainWebSocket.js:185  #### {"method":"call","params":[2,"get_key_references",[["BTS6ufLtBaVTQSR1xxbjNLKUDVyXTgVgwnMNUFkyMfx1BTFcZn7o8"]]],"id":239}
ChainWebSocket.js:185  #### {"method":"call","params":[2,"get_key_references",[["BTS7t6KqwuWRHgut3PvuB92Lok625dfVnqrLLPkkjwfjo4z3ryT25"]]],"id":240}
ChainWebSocket.js:185  #### {"method":"call","params":[2,"get_key_references",[["BTS7FsjDWm9AwSrMhbEC2BGAnhG95ebmX5HFRdJDJ8xEJUa3nPc7q"]]],"id":241}
ChainWebSocket.js:185  #### {"method":"call","params":[2,"get_key_references",[["BTS8P6emyaT4rtAjsVV6kq5iC4wXoHgGmsrEBQjmN2Yr54wp8ENWo"]]],"id":242}
ChainWebSocket.js:185  #### {"method":"call","params":[2,"get_key_references",[["BTS6tSNFJGic1hpJBxuFwvsCoicxo46fh4goppcjAWSGU3skn2jCQ"]]],"id":243}
ChainWebSocket.js:185  #### {"method":"call","params":[2,"get_objects",[["2.1.0"]]],"id":244}
ChainWebSocket.js:185  #### {"method":"call","params":[3,"broadcast_transaction_with_callback",[245,{"ref_block_num":36640,"ref_block_prefix":1023635409,"expiration":"2018-03-27T14:19:20","operations":[[0,{"fee":{"amount":"10420","asset_id":"1.3.0"},"from":"1.2.155481","to":"1.2.836916","amount":{"amount":"100000","asset_id":"1.3.0"},"extensions":[]}]],"extensions":[],"signatures":["1f154fd56666d04f857aa31bef7b0083f5641b4178991d3cbf3b0de6ede083f7f87e80681555a5b68e412ecb5aa9e7b3e01e480a7a2ee02712c7d7115823f782b0"]}]],"id":245}
warning.js:33 Warning: validateDOMNesting(...): <tr> cannot appear as a child of <table>. See table > StatefulOperationContainer > Operation > BindToChainState(Row) > Row > tr. Add a <tbody> to your code to match the DOM tree generated by the browser.
printWarning @ warning.js:33
warning @ warning.js:57
validateDOMNesting @ validateDOMNesting.js:350
mountComponent @ ReactDOMComponent.js:485
mountComponent @ ReactReconciler.js:43
performInitialMount @ ReactCompositeComponent.js:368
mountComponent @ ReactCompositeComponent.js:255
mountComponent @ ReactReconciler.js:43
performInitialMount @ ReactCompositeComponent.js:368
mountComponent @ ReactCompositeComponent.js:255
mountComponent @ ReactReconciler.js:43
performInitialMount @ ReactCompositeComponent.js:368
mountComponent @ ReactCompositeComponent.js:255
mountComponent @ ReactReconciler.js:43
performInitialMount @ ReactCompositeComponent.js:368
mountComponent @ ReactCompositeComponent.js:255
mountComponent @ ReactReconciler.js:43
mountChildren @ ReactMultiChild.js:234
_createInitialChildren @ ReactDOMComponent.js:701
mountComponent @ ReactDOMComponent.js:520
mountComponent @ ReactReconciler.js:43
mountChildren @ ReactMultiChild.js:234
_createInitialChildren @ ReactDOMComponent.js:701
mountComponent @ ReactDOMComponent.js:520
mountComponent @ ReactReconciler.js:43
mountChildren @ ReactMultiChild.js:234
_createInitialChildren @ ReactDOMComponent.js:701
mountComponent @ ReactDOMComponent.js:520
mountComponent @ ReactReconciler.js:43
performInitialMount @ ReactCompositeComponent.js:368
mountComponent @ ReactCompositeComponent.js:255
mountComponent @ ReactReconciler.js:43
mountChildren @ ReactMultiChild.js:234
_createInitialChildren @ ReactDOMComponent.js:701
mountComponent @ ReactDOMComponent.js:520
mountComponent @ ReactReconciler.js:43
performInitialMount @ ReactCompositeComponent.js:368
mountComponent @ ReactCompositeComponent.js:255
mountComponent @ ReactReconciler.js:43
updateChildren @ ReactChildReconciler.js:119
_reconcilerUpdateChildren @ ReactMultiChild.js:204
_updateChildren @ ReactMultiChild.js:308
updateChildren @ ReactMultiChild.js:295
_updateDOMChildren @ ReactDOMComponent.js:944
updateComponent @ ReactDOMComponent.js:758
receiveComponent @ ReactDOMComponent.js:720
receiveComponent @ ReactReconciler.js:122
_updateRenderedComponent @ ReactCompositeComponent.js:751
_performComponentUpdate @ ReactCompositeComponent.js:721
updateComponent @ ReactCompositeComponent.js:642
performUpdateIfNecessary @ ReactCompositeComponent.js:558
performUpdateIfNecessary @ ReactReconciler.js:154
runBatchedUpdates @ ReactUpdates.js:148
perform @ Transaction.js:141
perform @ Transaction.js:141
perform @ ReactUpdates.js:87
flushBatchedUpdates @ ReactUpdates.js:170
closeAll @ Transaction.js:207
perform @ Transaction.js:154
batchedUpdates @ ReactDefaultBatchingStrategy.js:60
enqueueUpdate @ ReactUpdates.js:198
enqueueUpdate @ ReactUpdateQueue.js:22
enqueueSetState @ ReactUpdateQueue.js:216
ReactComponent.setState @ ReactBaseClasses.js:62
addNotification @ NotificationSystem.js:152
_onNotificationChange @ App.jsx:194
_onNotificationChange @ createPrototypeProxy.js:44
(anonymous) @ transmitter.js:34
publish @ transmitter.js:33
AltStore.emitChange @ AltStore.js:49
(anonymous) @ AltStore.js:97
_invokeCallback @ Dispatcher.js:198
dispatch @ Dispatcher.js:174
(anonymous) @ index.js:83
Alt.batchingFunction @ index.js:51
dispatch @ index.js:66
dispatch @ index.js:31
action @ index.js:49
(anonymous) @ index.js:65
setTimeout (async)
action.defer @ index.js:64
componentWillReceiveProps @ TransactionConfirm.jsx:114
(anonymous) @ ReactCompositeComponent.js:608
measureLifeCyclePerf @ ReactCompositeComponent.js:73
updateComponent @ ReactCompositeComponent.js:607
receiveComponent @ ReactCompositeComponent.js:544
receiveComponent @ ReactReconciler.js:122
_updateRenderedComponent @ ReactCompositeComponent.js:751
_performComponentUpdate @ ReactCompositeComponent.js:721
updateComponent @ ReactCompositeComponent.js:642
performUpdateIfNecessary @ ReactCompositeComponent.js:558
performUpdateIfNecessary @ ReactReconciler.js:154
runBatchedUpdates @ ReactUpdates.js:148
perform @ Transaction.js:141
perform @ Transaction.js:141
perform @ ReactUpdates.js:87
flushBatchedUpdates @ ReactUpdates.js:170
closeAll @ Transaction.js:207
perform @ Transaction.js:154
batchedUpdates @ ReactDefaultBatchingStrategy.js:60
enqueueUpdate @ ReactUpdates.js:198
enqueueUpdate @ ReactUpdateQueue.js:22
enqueueForceUpdate @ ReactUpdateQueue.js:154
ReactComponent.forceUpdate @ ReactBaseClasses.js:83
(anonymous) @ ConnectBase.js:52
(anonymous) @ transmitter.js:34
publish @ transmitter.js:33
AltStore.emitChange @ AltStore.js:49
(anonymous) @ AltStore.js:97
_invokeCallback @ Dispatcher.js:198
dispatch @ Dispatcher.js:174
(anonymous) @ index.js:83
Alt.batchingFunction @ index.js:51
dispatch @ index.js:66
dispatch @ index.js:31
(anonymous) @ TransactionConfirmActions.js:47
Promise.then (async)
(anonymous) @ TransactionConfirmActions.js:45
action @ index.js:47
onConfirmClick @ TransactionConfirm.jsx:89
boundFunc @ ReactErrorUtils.js:63
ReactErrorUtils.invokeGuardedCallback @ ReactErrorUtils.js:69
executeDispatch @ EventPluginUtils.js:83
executeDispatchesInOrder @ EventPluginUtils.js:103
executeDispatchesAndRelease @ EventPluginHub.js:41
executeDispatchesAndReleaseTopLevel @ EventPluginHub.js:52
forEachAccumulated @ forEachAccumulated.js:22
processEventQueue @ EventPluginHub.js:252
runEventQueueInBatch @ ReactEventEmitterMixin.js:15
handleTopLevel @ ReactEventEmitterMixin.js:25
handleTopLevelImpl @ ReactEventListener.js:70
perform @ Transaction.js:141
batchedUpdates @ ReactDefaultBatchingStrategy.js:60
batchedUpdates @ ReactUpdates.js:95
dispatchEvent @ ReactEventListener.js:145
ChainWebSocket.js:185  #### {"method":"call","params":[4,"get_account_history",["1.2.836916","1.11.161330025",100,"1.11.0"]],"id":246}
ChainWebSocket.js:185  #### {"method":"call","params":[4,"get_account_history",["1.2.155481","1.11.161330025",100,"1.11.0"]],"id":247}
BrowserNotifications.jsx:58 browser notifications disabled by Browser Permissions
ChainWebSocket.js:185  #### {"method":"call","params":[2,"get_objects",[["2.1.0"]]],"id":248}
ChainWebSocket.js:185  #### {"method":"call","params":[2,"get_ticker",["1.3.0","1.3.121"]],"id":249}
ChainWebSocket.js:185  #### {"method":"call","params":[2,"get_ticker",["1.3.121","1.3.861"]],"id":250}
ChainWebSocket.js:185  #### {"method":"call","params":[2,"get_ticker",["1.3.121","1.3.1042"]],"id":251}
ChainWebSocket.js:185  #### {"method":"call","params":[2,"get_ticker",["1.3.121","1.3.850"]],"id":252}
ChainWebSocket.js:185  #### {"method":"call","params":[2,"get_ticker",["1.3.121","1.3.858"]],"id":253}
ChainWebSocket.js:185  #### {"method":"call","params":[2,"get_ticker",["1.3.121","1.3.2241"]],"id":254}
ChainWebSocket.js:185  #### {"method":"call","params":[2,"get_ticker",["1.3.121","1.3.2598"]],"id":255}
ChainWebSocket.js:185  #### {"method":"call","params":[2,"get_ticker",["1.3.121","1.3.2635"]],"id":256}
ChainWebSocket.js:185  #### {"method":"call","params":[2,"get_ticker",["1.3.121","1.3.2674"]],"id":257}
ChainWebSocket.js:185  #### {"method":"call","params":[2,"get_ticker",["1.3.0","1.3.861"]],"id":258}
ChainWebSocket.js:185  #### {"method":"call","params":[2,"get_ticker",["1.3.850","1.3.861"]],"id":259}
ChainWebSocket.js:185  #### {"method":"call","params":[2,"get_ticker",["1.3.858","1.3.861"]],"id":260}
ChainWebSocket.js:185  #### {"method":"call","params":[2,"get_ticker",["1.3.861","1.3.1072"]],"id":261}
ChainWebSocket.js:185  #### {"method":"call","params":[2,"get_ticker",["1.3.861","1.3.979"]],"id":262}
ChainWebSocket.js:185  #### {"method":"call","params":[2,"get_ticker",["1.3.861","1.3.973"]],"id":263}
ChainWebSocket.js:185  #### {"method":"call","params":[2,"get_ticker",["1.3.0","1.3.850"]],"id":264}
ChainWebSocket.js:185  #### {"method":"call","params":[2,"get_ticker",["1.3.0","1.3.1999"]],"id":265}
ChainWebSocket.js:185  #### {"method":"call","params":[2,"get_ticker",["1.3.0","1.3.1439"]],"id":266}
ChainWebSocket.js:185  #### {"method":"call","params":[2,"get_ticker",["1.3.0","1.3.973"]],"id":267}
ChainWebSocket.js:185  #### {"method":"call","params":[2,"get_ticker",["1.3.0","1.3.562"]],"id":268}
ChainWebSocket.js:185  #### {"method":"call","params":[2,"get_ticker",["1.3.0","1.3.1413"]],"id":269}
ChainWebSocket.js:185  #### {"method":"call","params":[2,"get_ticker",["1.3.0","1.3.1072"]],"id":270}
ChainWebSocket.js:185  #### {"method":"call","params":[2,"get_ticker",["1.3.0","1.3.1567"]],"id":271}
ChainWebSocket.js:185  #### {"method":"call","params":[2,"get_ticker",["1.3.0","1.3.2241"]],"id":272}
ChainWebSocket.js:185  #### {"method":"call","params":[2,"get_ticker",["1.3.0","1.3.2598"]],"id":273}
ChainWebSocket.js:185  #### {"method":"call","params":[2,"get_ticker",["1.3.0","1.3.2635"]],"id":274}
ChainWebSocket.js:185  #### {"method":"call","params":[2,"get_ticker",["1.3.0","1.3.2674"]],"id":275}
ChainWebSocket.js:185  #### {"method":"call","params":[2,"get_ticker",["1.3.861","1.3.1181"]],"id":276}
ChainWebSocket.js:185  #### {"method":"call","params":[2,"get_ticker",["1.3.121","1.3.973"]],"id":277}
ChainWebSocket.js:185  #### {"method":"call","params":[2,"get_ticker",["1.3.121","1.3.1044"]],"id":278}
ChainWebSocket.js:185  #### {"method":"call","params":[2,"get_ticker",["1.3.861","1.3.1042"]],"id":279}
ChainWebSocket.js:185  #### {"method":"call","params":[2,"get_ticker",["1.3.861","1.3.1044"]],"id":280}
ChainWebSocket.js:185  #### {"method":"call","params":[2,"get_ticker",["1.3.0","1.3.1044"]],"id":281}
ChainWebSocket.js:185  #### {"method":"call","params":[2,"get_ticker",["1.3.0","1.3.1064"]],"id":282}
ChainWebSocket.js:185  #### {"method":"call","params":[2,"get_ticker",["1.3.861","1.3.1188"]],"id":283}
ChainWebSocket.js:185  #### {"method":"call","params":[2,"get_ticker",["1.3.0","1.3.1181"]],"id":284}
ChainWebSocket.js:185  #### {"method":"call","params":[2,"get_ticker",["1.3.0","1.3.1895"]],"id":285}
ChainWebSocket.js:185  #### {"method":"call","params":[2,"get_ticker",["1.3.121","1.3.1895"]],"id":286}
ChainWebSocket.js:185  #### {"method":"call","params":[2,"get_ticker",["1.3.0","1.3.1896"]],"id":287}
ChainWebSocket.js:185  #### {"method":"call","params":[2,"get_ticker",["1.3.0","1.3.2672"]],"id":288}
ChainWebSocket.js:185  #### {"method":"call","params":[2,"get_ticker",["1.3.121","1.3.2672"]],"id":289}
ChainWebSocket.js:185  #### {"method":"call","params":[2,"get_ticker",["1.3.106","1.3.121"]],"id":290}
ChainWebSocket.js:185  #### {"method":"call","params":[2,"get_ticker",["1.3.121","1.3.1362"]],"id":291}
ChainWebSocket.js:185  #### {"method":"call","params":[2,"get_ticker",["1.3.0","1.3.113"]],"id":292}
ChainWebSocket.js:185  #### {"method":"call","params":[2,"get_ticker",["1.3.113","1.3.861"]],"id":293}
ChainWebSocket.js:185  #### {"method":"call","params":[2,"get_ticker",["1.3.113","1.3.121"]],"id":294}
ChainWebSocket.js:185  #### {"method":"call","params":[2,"get_ticker",["1.3.113","1.3.850"]],"id":295}
ChainWebSocket.js:185  #### {"method":"call","params":[2,"get_ticker",["1.3.113","1.3.1093"]],"id":296}
ChainWebSocket.js:185  #### {"method":"call","params":[2,"get_ticker",["1.3.113","1.3.1413"]],"id":297}
ChainWebSocket.js:185  #### {"method":"call","params":[2,"get_ticker",["1.3.113","1.3.2241"]],"id":298}
ChainWebSocket.js:185  #### {"method":"call","params":[2,"get_ticker",["1.3.113","1.3.2598"]],"id":299}
ChainWebSocket.js:185  #### {"method":"call","params":[2,"get_ticker",["1.3.113","1.3.2635"]],"id":300}
ChainWebSocket.js:185  #### {"method":"call","params":[2,"get_ticker",["1.3.113","1.3.2674"]],"id":301}
ChainWebSocket.js:185  #### {"method":"call","params":[2,"get_ticker",["1.3.113","1.3.2790"]],"id":302}
ChainWebSocket.js:185  #### {"method":"call","params":[2,"get_ticker",["1.3.0","1.3.1325"]],"id":303}
ChainWebSocket.js:185  #### {"method":"call","params":[2,"get_ticker",["1.3.0","1.3.1362"]],"id":304}
ChainWebSocket.js:185  #### {"method":"call","params":[2,"get_ticker",["1.3.0","1.3.105"]],"id":305}
ChainWebSocket.js:185  #### {"method":"call","params":[2,"get_ticker",["1.3.0","1.3.106"]],"id":306}
ChainWebSocket.js:185  #### {"method":"call","params":[2,"get_ticker",["1.3.0","1.3.958"]],"id":307}
ChainWebSocket.js:185  #### {"method":"call","params":[2,"get_ticker",["1.3.1325","1.3.1621"]],"id":308}
ChainWebSocket.js:185  #### {"method":"call","params":[2,"get_ticker",["1.3.113","1.3.1621"]],"id":309}
ChainWebSocket.js:185  #### {"method":"call","params":[2,"get_ticker",["1.3.1325","1.3.1630"]],"id":310}
ChainWebSocket.js:185  #### {"method":"call","params":[2,"get_ticker",["1.3.113","1.3.1630"]],"id":311}
ChainWebSocket.js:185  #### {"method":"call","params":[2,"get_objects",[["2.1.0"]]],"id":312}
ChainWebSocket.js:185  #### {"method":"call","params":[2,"get_objects",[["2.1.0"]]],"id":313}
ChainWebSocket.js:185  #### {"method":"call","params":[2,"get_ticker",["1.3.0","1.3.121"]],"id":314}
ChainWebSocket.js:185  #### {"method":"call","params":[2,"get_ticker",["1.3.121","1.3.861"]],"id":315}
ChainWebSocket.js:185  #### {"method":"call","params":[2,"get_ticker",["1.3.121","1.3.1042"]],"id":316}
ChainWebSocket.js:185  #### {"method":"call","params":[2,"get_ticker",["1.3.121","1.3.850"]],"id":317}
ChainWebSocket.js:185  #### {"method":"call","params":[2,"get_ticker",["1.3.121","1.3.858"]],"id":318}
ChainWebSocket.js:185  #### {"method":"call","params":[2,"get_ticker",["1.3.121","1.3.2241"]],"id":319}
ChainWebSocket.js:185  #### {"method":"call","params":[2,"get_ticker",["1.3.121","1.3.2598"]],"id":320}
ChainWebSocket.js:185  #### {"method":"call","params":[2,"get_ticker",["1.3.121","1.3.2635"]],"id":321}
ChainWebSocket.js:185  #### {"method":"call","params":[2,"get_ticker",["1.3.121","1.3.2674"]],"id":322}
ChainWebSocket.js:185  #### {"method":"call","params":[2,"get_ticker",["1.3.0","1.3.861"]],"id":323}
ChainWebSocket.js:185  #### {"method":"call","params":[2,"get_ticker",["1.3.850","1.3.861"]],"id":324}
ChainWebSocket.js:185  #### {"method":"call","params":[2,"get_ticker",["1.3.858","1.3.861"]],"id":325}
ChainWebSocket.js:185  #### {"method":"call","params":[2,"get_ticker",["1.3.861","1.3.1072"]],"id":326}
ChainWebSocket.js:185  #### {"method":"call","params":[2,"get_ticker",["1.3.861","1.3.979"]],"id":327}
ChainWebSocket.js:185  #### {"method":"call","params":[2,"get_ticker",["1.3.861","1.3.973"]],"id":328}
ChainWebSocket.js:185  #### {"method":"call","params":[2,"get_ticker",["1.3.0","1.3.850"]],"id":329}
ChainWebSocket.js:185  #### {"method":"call","params":[2,"get_ticker",["1.3.0","1.3.1999"]],"id":330}
ChainWebSocket.js:185  #### {"method":"call","params":[2,"get_ticker",["1.3.0","1.3.1439"]],"id":331}
ChainWebSocket.js:185  #### {"method":"call","params":[2,"get_ticker",["1.3.0","1.3.973"]],"id":332}
ChainWebSocket.js:185  #### {"method":"call","params":[2,"get_ticker",["1.3.0","1.3.562"]],"id":333}
ChainWebSocket.js:185  #### {"method":"call","params":[2,"get_ticker",["1.3.0","1.3.1413"]],"id":334}
ChainWebSocket.js:185  #### {"method":"call","params":[2,"get_ticker",["1.3.0","1.3.1072"]],"id":335}
ChainWebSocket.js:185  #### {"method":"call","params":[2,"get_ticker",["1.3.0","1.3.1567"]],"id":336}
ChainWebSocket.js:185  #### {"method":"call","params":[2,"get_ticker",["1.3.0","1.3.2241"]],"id":337}
ChainWebSocket.js:185  #### {"method":"call","params":[2,"get_ticker",["1.3.0","1.3.2598"]],"id":338}
ChainWebSocket.js:185  #### {"method":"call","params":[2,"get_ticker",["1.3.0","1.3.2635"]],"id":339}
ChainWebSocket.js:185  #### {"method":"call","params":[2,"get_ticker",["1.3.0","1.3.2674"]],"id":340}
ChainWebSocket.js:185  #### {"method":"call","params":[2,"get_ticker",["1.3.861","1.3.1181"]],"id":341}
ChainWebSocket.js:185  #### {"method":"call","params":[2,"get_ticker",["1.3.121","1.3.973"]],"id":342}
ChainWebSocket.js:185  #### {"method":"call","params":[2,"get_ticker",["1.3.121","1.3.1044"]],"id":343}
ChainWebSocket.js:185  #### {"method":"call","params":[2,"get_ticker",["1.3.861","1.3.1042"]],"id":344}
ChainWebSocket.js:185  #### {"method":"call","params":[2,"get_ticker",["1.3.861","1.3.1044"]],"id":345}
ChainWebSocket.js:185  #### {"method":"call","params":[2,"get_ticker",["1.3.0","1.3.1044"]],"id":346}
ChainWebSocket.js:185  #### {"method":"call","params":[2,"get_ticker",["1.3.0","1.3.1064"]],"id":347}
ChainWebSocket.js:185  #### {"method":"call","params":[2,"get_ticker",["1.3.861","1.3.1188"]],"id":348}
ChainWebSocket.js:185  #### {"method":"call","params":[2,"get_ticker",["1.3.0","1.3.1181"]],"id":349}
ChainWebSocket.js:185  #### {"method":"call","params":[2,"get_ticker",["1.3.0","1.3.1895"]],"id":350}
ChainWebSocket.js:185  #### {"method":"call","params":[2,"get_ticker",["1.3.121","1.3.1895"]],"id":351}
ChainWebSocket.js:185  #### {"method":"call","params":[2,"get_ticker",["1.3.0","1.3.1896"]],"id":352}
ChainWebSocket.js:185  #### {"method":"call","params":[2,"get_ticker",["1.3.0","1.3.2672"]],"id":353}
ChainWebSocket.js:185  #### {"method":"call","params":[2,"get_ticker",["1.3.121","1.3.2672"]],"id":354}
ChainWebSocket.js:185  #### {"method":"call","params":[2,"get_ticker",["1.3.106","1.3.121"]],"id":355}
ChainWebSocket.js:185  #### {"method":"call","params":[2,"get_ticker",["1.3.121","1.3.1362"]],"id":356}
ChainWebSocket.js:185  #### {"method":"call","params":[2,"get_ticker",["1.3.0","1.3.113"]],"id":357}
ChainWebSocket.js:185  #### {"method":"call","params":[2,"get_ticker",["1.3.113","1.3.861"]],"id":358}
ChainWebSocket.js:185  #### {"method":"call","params":[2,"get_ticker",["1.3.113","1.3.121"]],"id":359}
ChainWebSocket.js:185  #### {"method":"call","params":[2,"get_ticker",["1.3.113","1.3.850"]],"id":360}
ChainWebSocket.js:185  #### {"method":"call","params":[2,"get_ticker",["1.3.113","1.3.1093"]],"id":361}
ChainWebSocket.js:185  #### {"method":"call","params":[2,"get_ticker",["1.3.113","1.3.1413"]],"id":362}
ChainWebSocket.js:185  #### {"method":"call","params":[2,"get_ticker",["1.3.113","1.3.2241"]],"id":363}
ChainWebSocket.js:185  #### {"method":"call","params":[2,"get_ticker",["1.3.113","1.3.2598"]],"id":364}
ChainWebSocket.js:185  #### {"method":"call","params":[2,"get_ticker",["1.3.113","1.3.2635"]],"id":365}
ChainWebSocket.js:185  #### {"method":"call","params":[2,"get_ticker",["1.3.113","1.3.2674"]],"id":366}
ChainWebSocket.js:185  #### {"method":"call","params":[2,"get_ticker",["1.3.113","1.3.2790"]],"id":367}
ChainWebSocket.js:185  #### {"method":"call","params":[2,"get_ticker",["1.3.0","1.3.1325"]],"id":368}
ChainWebSocket.js:185  #### {"method":"call","params":[2,"get_ticker",["1.3.0","1.3.1362"]],"id":369}
ChainWebSocket.js:185  #### {"method":"call","params":[2,"get_ticker",["1.3.0","1.3.105"]],"id":370}
ChainWebSocket.js:185  #### {"method":"call","params":[2,"get_ticker",["1.3.0","1.3.106"]],"id":371}
ChainWebSocket.js:185  #### {"method":"call","params":[2,"get_ticker",["1.3.0","1.3.958"]],"id":372}
ChainWebSocket.js:185  #### {"method":"call","params":[2,"get_ticker",["1.3.1325","1.3.1621"]],"id":373}
ChainWebSocket.js:185  #### {"method":"call","params":[2,"get_ticker",["1.3.113","1.3.1621"]],"id":374}
ChainWebSocket.js:185  #### {"method":"call","params":[2,"get_ticker",["1.3.1325","1.3.1630"]],"id":375}
ChainWebSocket.js:185  #### {"method":"call","params":[2,"get_ticker",["1.3.113","1.3.1630"]],"id":376}
